<?xml version="1.0" encoding="UTF-8"?>
<!-- Generated by org.testng.reporters.JUnitReportReporter -->
<testsuite hostname="DESKTOP-HPASSFL" failures="0" tests="5" name="apitestWithRestAssured.TPConnectGET" time="20.568" errors="0" timestamp="2021-02-20T10:28:58 IST" skipped="0">
  <testcase classname="apitestWithRestAssured.TPConnectGET" name="DELETERequest" time="7.055"/>
  <system-out/>
  <testcase classname="apitestWithRestAssured.TPConnectGET" name="PUTRequest" time="1.767"/>
  <system-out/>
  <testcase classname="apitestWithRestAssured.TPConnectGET" name="POSTRequest" time="3.942"/>
  <system-out/>
  <testcase classname="apitestWithRestAssured.TPConnectGET" name="GETRequest" time="5.419"/>
  <system-out/>
  <testcase classname="apitestWithRestAssured.TPConnectGET" name="PATCHRequest" time="2.385"/>
  <system-out/>
</testsuite> <!-- apitestWithRestAssured.TPConnectGET -->
